<?xml version="1.0" encoding="UTF-8"?>
<!-- Generated by org.testng.reporters.JUnitXMLReporter -->
<testsuite ignored="0" hostname="DESKTOP-MUB7270" failures="0" tests="1" name="Test" time="0.1" errors="0" timestamp="2023-06-10T15:30:01 IST">
  <testcase classname="com.flipkart.testcases.FlipkartHomeTest" name="@BeforeMethod setUpTest" time="-1.686391201902E9">
    <failure type="org.testng.TestNGException" message="
Can inject only one of &amp;lt;ITestContext, XmlTest, Method, Object[], ITestResult&amp;gt; into a @BeforeMethod annotated setUpTest.
For more information on native dependency injection please refer to https://testng.org/doc/documentation-main.html#native-dependency-injection">
      <![CDATA[org.testng.TestNGException: 
Can inject only one of <ITestContext, XmlTest, Method, Object[], ITestResult> into a @BeforeMethod annotated setUpTest.
For more information on native dependency injection please refer to https://testng.org/doc/documentation-main.html#native-dependency-injection
at java.base/java.util.ArrayList.forEach(ArrayList.java:1511)
... Removed 28 stack frames]]>
    </failure>
  </testcase> <!-- @BeforeMethod setUpTest -->
  <testcase classname="com.flipkart.testcases.FlipkartHomeTest" name="LoginFlipkartTest" time="0.001">
    <skipped/>
  </testcase> <!-- LoginFlipkartTest -->
</testsuite> <!-- Test -->
